The system is: Linux - 5.15.0-142-generic - x86_64
Compiling the CXX compiler identification source file "CMakeCXXCompilerId.cpp" succeeded.
Compiler: /usr/bin/clang++-17 
Build flags: 
Id flags:  

The output was:
0


Compilation of the CXX compiler identification source "CMakeCXXCompilerId.cpp" produced "a.out"

The CXX compiler identification is Clang, found in "/home/lpiarulli_tt/stencil_wormhole/tt-metal_template/build/CMakeFiles/3.22.1/CompilerIdCXX/a.out"

Detecting CXX compiler ABI info compiled with the following output:
Change Dir: /home/lpiarulli_tt/stencil_wormhole/tt-metal_template/build/CMakeFiles/CMakeTmp

Run Build Command(s):/usr/bin/gmake -f Makefile cmTC_1b687/fast && /usr/bin/gmake  -f CMakeFiles/cmTC_1b687.dir/build.make CMakeFiles/cmTC_1b687.dir/build
gmake[1]: Entering directory '/home/lpiarulli_tt/stencil_wormhole/tt-metal_template/build/CMakeFiles/CMakeTmp'
Building CXX object CMakeFiles/cmTC_1b687.dir/CMakeCXXCompilerABI.cpp.o
/usr/bin/clang++-17   -v -MD -MT CMakeFiles/cmTC_1b687.dir/CMakeCXXCompilerABI.cpp.o -MF CMakeFiles/cmTC_1b687.dir/CMakeCXXCompilerABI.cpp.o.d -o CMakeFiles/cmTC_1b687.dir/CMakeCXXCompilerABI.cpp.o -c /usr/share/cmake-3.22/Modules/CMakeCXXCompilerABI.cpp
Ubuntu clang version 17.0.6 (++20231208085846+6009708b4367-1~exp1~20231208085949.74)
Target: x86_64-pc-linux-gnu
Thread model: posix
InstalledDir: /usr/bin
Found candidate GCC installation: /usr/bin/../lib/gcc/x86_64-linux-gnu/11
Found candidate GCC installation: /usr/bin/../lib/gcc/x86_64-linux-gnu/12
Found candidate GCC installation: /usr/bin/../lib/gcc/x86_64-linux-gnu/9
Selected GCC installation: /usr/bin/../lib/gcc/x86_64-linux-gnu/12
Candidate multilib: .;@m64
Selected multilib: .;@m64
 (in-process)
 "/usr/lib/llvm-17/bin/clang" -cc1 -triple x86_64-pc-linux-gnu -emit-obj -mrelax-all -disable-free -clear-ast-before-backend -disable-llvm-verifier -discard-value-names -main-file-name CMakeCXXCompilerABI.cpp -mrelocation-model pic -pic-level 2 -pic-is-pie -mframe-pointer=all -fmath-errno -ffp-contract=on -fno-rounding-math -mconstructor-aliases -funwind-tables=2 -target-cpu x86-64 -tune-cpu generic -debugger-tuning=gdb -v -fcoverage-compilation-dir=/home/lpiarulli_tt/stencil_wormhole/tt-metal_template/build/CMakeFiles/CMakeTmp -resource-dir /usr/lib/llvm-17/lib/clang/17 -dependency-file CMakeFiles/cmTC_1b687.dir/CMakeCXXCompilerABI.cpp.o.d -MT CMakeFiles/cmTC_1b687.dir/CMakeCXXCompilerABI.cpp.o -sys-header-deps -internal-isystem /usr/bin/../lib/gcc/x86_64-linux-gnu/12/../../../../include/c++/12 -internal-isystem /usr/bin/../lib/gcc/x86_64-linux-gnu/12/../../../../include/x86_64-linux-gnu/c++/12 -internal-isystem /usr/bin/../lib/gcc/x86_64-linux-gnu/12/../../../../include/c++/12/backward -internal-isystem /usr/lib/llvm-17/lib/clang/17/include -internal-isystem /usr/local/include -internal-isystem /usr/bin/../lib/gcc/x86_64-linux-gnu/12/../../../../x86_64-linux-gnu/include -internal-externc-isystem /usr/include/x86_64-linux-gnu -internal-externc-isystem /include -internal-externc-isystem /usr/include -fdeprecated-macro -fdebug-compilation-dir=/home/lpiarulli_tt/stencil_wormhole/tt-metal_template/build/CMakeFiles/CMakeTmp -ferror-limit 19 -fgnuc-version=4.2.1 -fcxx-exceptions -fexceptions -faddrsig -D__GCC_HAVE_DWARF2_CFI_ASM=1 -o CMakeFiles/cmTC_1b687.dir/CMakeCXXCompilerABI.cpp.o -x c++ /usr/share/cmake-3.22/Modules/CMakeCXXCompilerABI.cpp
clang -cc1 version 17.0.6 based upon LLVM 17.0.6 default target x86_64-pc-linux-gnu
ignoring nonexistent directory "/usr/bin/../lib/gcc/x86_64-linux-gnu/12/../../../../x86_64-linux-gnu/include"
ignoring nonexistent directory "/include"
#include "..." search starts here:
#include <...> search starts here:
 /usr/bin/../lib/gcc/x86_64-linux-gnu/12/../../../../include/c++/12
 /usr/bin/../lib/gcc/x86_64-linux-gnu/12/../../../../include/x86_64-linux-gnu/c++/12
 /usr/bin/../lib/gcc/x86_64-linux-gnu/12/../../../../include/c++/12/backward
 /usr/lib/llvm-17/lib/clang/17/include
 /usr/local/include
 /usr/include/x86_64-linux-gnu
 /usr/include
End of search list.
Linking CXX executable cmTC_1b687
/usr/bin/cmake -E cmake_link_script CMakeFiles/cmTC_1b687.dir/link.txt --verbose=1
/usr/bin/clang++-17  -v CMakeFiles/cmTC_1b687.dir/CMakeCXXCompilerABI.cpp.o -o cmTC_1b687 
Ubuntu clang version 17.0.6 (++20231208085846+6009708b4367-1~exp1~20231208085949.74)
Target: x86_64-pc-linux-gnu
Thread model: posix
InstalledDir: /usr/bin
Found candidate GCC installation: /usr/bin/../lib/gcc/x86_64-linux-gnu/11
Found candidate GCC installation: /usr/bin/../lib/gcc/x86_64-linux-gnu/12
Found candidate GCC installation: /usr/bin/../lib/gcc/x86_64-linux-gnu/9
Selected GCC installation: /usr/bin/../lib/gcc/x86_64-linux-gnu/12
Candidate multilib: .;@m64
Selected multilib: .;@m64
 "/usr/bin/ld" -pie -z relro --hash-style=gnu --build-id --eh-frame-hdr -m elf_x86_64 -dynamic-linker /lib64/ld-linux-x86-64.so.2 -o cmTC_1b687 /lib/x86_64-linux-gnu/Scrt1.o /lib/x86_64-linux-gnu/crti.o /usr/bin/../lib/gcc/x86_64-linux-gnu/12/crtbeginS.o -L/usr/bin/../lib/gcc/x86_64-linux-gnu/12 -L/usr/bin/../lib/gcc/x86_64-linux-gnu/12/../../../../lib64 -L/lib/x86_64-linux-gnu -L/lib/../lib64 -L/usr/lib/x86_64-linux-gnu -L/usr/lib/../lib64 -L/usr/lib/llvm-17/bin/../lib -L/lib -L/usr/lib CMakeFiles/cmTC_1b687.dir/CMakeCXXCompilerABI.cpp.o -lstdc++ -lm -lgcc_s -lgcc -lc -lgcc_s -lgcc /usr/bin/../lib/gcc/x86_64-linux-gnu/12/crtendS.o /lib/x86_64-linux-gnu/crtn.o
gmake[1]: Leaving directory '/home/lpiarulli_tt/stencil_wormhole/tt-metal_template/build/CMakeFiles/CMakeTmp'



Parsed CXX implicit include dir info from above output: rv=done
  found start of include info
  found start of implicit include info
    add: [/usr/bin/../lib/gcc/x86_64-linux-gnu/12/../../../../include/c++/12]
    add: [/usr/bin/../lib/gcc/x86_64-linux-gnu/12/../../../../include/x86_64-linux-gnu/c++/12]
    add: [/usr/bin/../lib/gcc/x86_64-linux-gnu/12/../../../../include/c++/12/backward]
    add: [/usr/lib/llvm-17/lib/clang/17/include]
    add: [/usr/local/include]
    add: [/usr/include/x86_64-linux-gnu]
    add: [/usr/include]
  end of search list found
  collapse include dir [/usr/bin/../lib/gcc/x86_64-linux-gnu/12/../../../../include/c++/12] ==> [/usr/include/c++/12]
  collapse include dir [/usr/bin/../lib/gcc/x86_64-linux-gnu/12/../../../../include/x86_64-linux-gnu/c++/12] ==> [/usr/include/x86_64-linux-gnu/c++/12]
  collapse include dir [/usr/bin/../lib/gcc/x86_64-linux-gnu/12/../../../../include/c++/12/backward] ==> [/usr/include/c++/12/backward]
  collapse include dir [/usr/lib/llvm-17/lib/clang/17/include] ==> [/usr/lib/llvm-17/lib/clang/17/include]
  collapse include dir [/usr/local/include] ==> [/usr/local/include]
  collapse include dir [/usr/include/x86_64-linux-gnu] ==> [/usr/include/x86_64-linux-gnu]
  collapse include dir [/usr/include] ==> [/usr/include]
  implicit include dirs: [/usr/include/c++/12;/usr/include/x86_64-linux-gnu/c++/12;/usr/include/c++/12/backward;/usr/lib/llvm-17/lib/clang/17/include;/usr/local/include;/usr/include/x86_64-linux-gnu;/usr/include]


Parsed CXX implicit link information from above output:
  link line regex: [^( *|.*[/\])(ld\.lld-17|CMAKE_LINK_STARTFILE-NOTFOUND|([^/\]+-)?ld|collect2)[^/\]*( |$)]
  ignore line: [Change Dir: /home/lpiarulli_tt/stencil_wormhole/tt-metal_template/build/CMakeFiles/CMakeTmp]
  ignore line: []
  ignore line: [Run Build Command(s):/usr/bin/gmake -f Makefile cmTC_1b687/fast && /usr/bin/gmake  -f CMakeFiles/cmTC_1b687.dir/build.make CMakeFiles/cmTC_1b687.dir/build]
  ignore line: [gmake[1]: Entering directory '/home/lpiarulli_tt/stencil_wormhole/tt-metal_template/build/CMakeFiles/CMakeTmp']
  ignore line: [Building CXX object CMakeFiles/cmTC_1b687.dir/CMakeCXXCompilerABI.cpp.o]
  ignore line: [/usr/bin/clang++-17   -v -MD -MT CMakeFiles/cmTC_1b687.dir/CMakeCXXCompilerABI.cpp.o -MF CMakeFiles/cmTC_1b687.dir/CMakeCXXCompilerABI.cpp.o.d -o CMakeFiles/cmTC_1b687.dir/CMakeCXXCompilerABI.cpp.o -c /usr/share/cmake-3.22/Modules/CMakeCXXCompilerABI.cpp]
  ignore line: [Ubuntu clang version 17.0.6 (++20231208085846+6009708b4367-1~exp1~20231208085949.74)]
  ignore line: [Target: x86_64-pc-linux-gnu]
  ignore line: [Thread model: posix]
  ignore line: [InstalledDir: /usr/bin]
  ignore line: [Found candidate GCC installation: /usr/bin/../lib/gcc/x86_64-linux-gnu/11]
  ignore line: [Found candidate GCC installation: /usr/bin/../lib/gcc/x86_64-linux-gnu/12]
  ignore line: [Found candidate GCC installation: /usr/bin/../lib/gcc/x86_64-linux-gnu/9]
  ignore line: [Selected GCC installation: /usr/bin/../lib/gcc/x86_64-linux-gnu/12]
  ignore line: [Candidate multilib: .]
  ignore line: [@m64]
  ignore line: [Selected multilib: .]
  ignore line: [@m64]
  ignore line: [ (in-process)]
  ignore line: [ "/usr/lib/llvm-17/bin/clang" -cc1 -triple x86_64-pc-linux-gnu -emit-obj -mrelax-all -disable-free -clear-ast-before-backend -disable-llvm-verifier -discard-value-names -main-file-name CMakeCXXCompilerABI.cpp -mrelocation-model pic -pic-level 2 -pic-is-pie -mframe-pointer=all -fmath-errno -ffp-contract=on -fno-rounding-math -mconstructor-aliases -funwind-tables=2 -target-cpu x86-64 -tune-cpu generic -debugger-tuning=gdb -v -fcoverage-compilation-dir=/home/lpiarulli_tt/stencil_wormhole/tt-metal_template/build/CMakeFiles/CMakeTmp -resource-dir /usr/lib/llvm-17/lib/clang/17 -dependency-file CMakeFiles/cmTC_1b687.dir/CMakeCXXCompilerABI.cpp.o.d -MT CMakeFiles/cmTC_1b687.dir/CMakeCXXCompilerABI.cpp.o -sys-header-deps -internal-isystem /usr/bin/../lib/gcc/x86_64-linux-gnu/12/../../../../include/c++/12 -internal-isystem /usr/bin/../lib/gcc/x86_64-linux-gnu/12/../../../../include/x86_64-linux-gnu/c++/12 -internal-isystem /usr/bin/../lib/gcc/x86_64-linux-gnu/12/../../../../include/c++/12/backward -internal-isystem /usr/lib/llvm-17/lib/clang/17/include -internal-isystem /usr/local/include -internal-isystem /usr/bin/../lib/gcc/x86_64-linux-gnu/12/../../../../x86_64-linux-gnu/include -internal-externc-isystem /usr/include/x86_64-linux-gnu -internal-externc-isystem /include -internal-externc-isystem /usr/include -fdeprecated-macro -fdebug-compilation-dir=/home/lpiarulli_tt/stencil_wormhole/tt-metal_template/build/CMakeFiles/CMakeTmp -ferror-limit 19 -fgnuc-version=4.2.1 -fcxx-exceptions -fexceptions -faddrsig -D__GCC_HAVE_DWARF2_CFI_ASM=1 -o CMakeFiles/cmTC_1b687.dir/CMakeCXXCompilerABI.cpp.o -x c++ /usr/share/cmake-3.22/Modules/CMakeCXXCompilerABI.cpp]
  ignore line: [clang -cc1 version 17.0.6 based upon LLVM 17.0.6 default target x86_64-pc-linux-gnu]
  ignore line: [ignoring nonexistent directory "/usr/bin/../lib/gcc/x86_64-linux-gnu/12/../../../../x86_64-linux-gnu/include"]
  ignore line: [ignoring nonexistent directory "/include"]
  ignore line: [#include "..." search starts here:]
  ignore line: [#include <...> search starts here:]
  ignore line: [ /usr/bin/../lib/gcc/x86_64-linux-gnu/12/../../../../include/c++/12]
  ignore line: [ /usr/bin/../lib/gcc/x86_64-linux-gnu/12/../../../../include/x86_64-linux-gnu/c++/12]
  ignore line: [ /usr/bin/../lib/gcc/x86_64-linux-gnu/12/../../../../include/c++/12/backward]
  ignore line: [ /usr/lib/llvm-17/lib/clang/17/include]
  ignore line: [ /usr/local/include]
  ignore line: [ /usr/include/x86_64-linux-gnu]
  ignore line: [ /usr/include]
  ignore line: [End of search list.]
  ignore line: [Linking CXX executable cmTC_1b687]
  ignore line: [/usr/bin/cmake -E cmake_link_script CMakeFiles/cmTC_1b687.dir/link.txt --verbose=1]
  ignore line: [/usr/bin/clang++-17  -v CMakeFiles/cmTC_1b687.dir/CMakeCXXCompilerABI.cpp.o -o cmTC_1b687 ]
  ignore line: [Ubuntu clang version 17.0.6 (++20231208085846+6009708b4367-1~exp1~20231208085949.74)]
  ignore line: [Target: x86_64-pc-linux-gnu]
  ignore line: [Thread model: posix]
  ignore line: [InstalledDir: /usr/bin]
  ignore line: [Found candidate GCC installation: /usr/bin/../lib/gcc/x86_64-linux-gnu/11]
  ignore line: [Found candidate GCC installation: /usr/bin/../lib/gcc/x86_64-linux-gnu/12]
  ignore line: [Found candidate GCC installation: /usr/bin/../lib/gcc/x86_64-linux-gnu/9]
  ignore line: [Selected GCC installation: /usr/bin/../lib/gcc/x86_64-linux-gnu/12]
  ignore line: [Candidate multilib: .]
  ignore line: [@m64]
  ignore line: [Selected multilib: .]
  ignore line: [@m64]
  link line: [ "/usr/bin/ld" -pie -z relro --hash-style=gnu --build-id --eh-frame-hdr -m elf_x86_64 -dynamic-linker /lib64/ld-linux-x86-64.so.2 -o cmTC_1b687 /lib/x86_64-linux-gnu/Scrt1.o /lib/x86_64-linux-gnu/crti.o /usr/bin/../lib/gcc/x86_64-linux-gnu/12/crtbeginS.o -L/usr/bin/../lib/gcc/x86_64-linux-gnu/12 -L/usr/bin/../lib/gcc/x86_64-linux-gnu/12/../../../../lib64 -L/lib/x86_64-linux-gnu -L/lib/../lib64 -L/usr/lib/x86_64-linux-gnu -L/usr/lib/../lib64 -L/usr/lib/llvm-17/bin/../lib -L/lib -L/usr/lib CMakeFiles/cmTC_1b687.dir/CMakeCXXCompilerABI.cpp.o -lstdc++ -lm -lgcc_s -lgcc -lc -lgcc_s -lgcc /usr/bin/../lib/gcc/x86_64-linux-gnu/12/crtendS.o /lib/x86_64-linux-gnu/crtn.o]
    arg [/usr/bin/ld] ==> ignore
    arg [-pie] ==> ignore
    arg [-zrelro] ==> ignore
    arg [--hash-style=gnu] ==> ignore
    arg [--build-id] ==> ignore
    arg [--eh-frame-hdr] ==> ignore
    arg [-m] ==> ignore
    arg [elf_x86_64] ==> ignore
    arg [-dynamic-linker] ==> ignore
    arg [/lib64/ld-linux-x86-64.so.2] ==> ignore
    arg [-o] ==> ignore
    arg [cmTC_1b687] ==> ignore
    arg [/lib/x86_64-linux-gnu/Scrt1.o] ==> obj [/lib/x86_64-linux-gnu/Scrt1.o]
    arg [/lib/x86_64-linux-gnu/crti.o] ==> obj [/lib/x86_64-linux-gnu/crti.o]
    arg [/usr/bin/../lib/gcc/x86_64-linux-gnu/12/crtbeginS.o] ==> obj [/usr/bin/../lib/gcc/x86_64-linux-gnu/12/crtbeginS.o]
    arg [-L/usr/bin/../lib/gcc/x86_64-linux-gnu/12] ==> dir [/usr/bin/../lib/gcc/x86_64-linux-gnu/12]
    arg [-L/usr/bin/../lib/gcc/x86_64-linux-gnu/12/../../../../lib64] ==> dir [/usr/bin/../lib/gcc/x86_64-linux-gnu/12/../../../../lib64]
    arg [-L/lib/x86_64-linux-gnu] ==> dir [/lib/x86_64-linux-gnu]
    arg [-L/lib/../lib64] ==> dir [/lib/../lib64]
    arg [-L/usr/lib/x86_64-linux-gnu] ==> dir [/usr/lib/x86_64-linux-gnu]
    arg [-L/usr/lib/../lib64] ==> dir [/usr/lib/../lib64]
    arg [-L/usr/lib/llvm-17/bin/../lib] ==> dir [/usr/lib/llvm-17/bin/../lib]
    arg [-L/lib] ==> dir [/lib]
    arg [-L/usr/lib] ==> dir [/usr/lib]
    arg [CMakeFiles/cmTC_1b687.dir/CMakeCXXCompilerABI.cpp.o] ==> ignore
    arg [-lstdc++] ==> lib [stdc++]
    arg [-lm] ==> lib [m]
    arg [-lgcc_s] ==> lib [gcc_s]
    arg [-lgcc] ==> lib [gcc]
    arg [-lc] ==> lib [c]
    arg [-lgcc_s] ==> lib [gcc_s]
    arg [-lgcc] ==> lib [gcc]
    arg [/usr/bin/../lib/gcc/x86_64-linux-gnu/12/crtendS.o] ==> obj [/usr/bin/../lib/gcc/x86_64-linux-gnu/12/crtendS.o]
    arg [/lib/x86_64-linux-gnu/crtn.o] ==> obj [/lib/x86_64-linux-gnu/crtn.o]
  collapse obj [/usr/bin/../lib/gcc/x86_64-linux-gnu/12/crtbeginS.o] ==> [/usr/lib/gcc/x86_64-linux-gnu/12/crtbeginS.o]
  collapse obj [/usr/bin/../lib/gcc/x86_64-linux-gnu/12/crtendS.o] ==> [/usr/lib/gcc/x86_64-linux-gnu/12/crtendS.o]
  collapse library dir [/usr/bin/../lib/gcc/x86_64-linux-gnu/12] ==> [/usr/lib/gcc/x86_64-linux-gnu/12]
  collapse library dir [/usr/bin/../lib/gcc/x86_64-linux-gnu/12/../../../../lib64] ==> [/usr/lib64]
  collapse library dir [/lib/x86_64-linux-gnu] ==> [/lib/x86_64-linux-gnu]
  collapse library dir [/lib/../lib64] ==> [/lib64]
  collapse library dir [/usr/lib/x86_64-linux-gnu] ==> [/usr/lib/x86_64-linux-gnu]
  collapse library dir [/usr/lib/../lib64] ==> [/usr/lib64]
  collapse library dir [/usr/lib/llvm-17/bin/../lib] ==> [/usr/lib/llvm-17/lib]
  collapse library dir [/lib] ==> [/lib]
  collapse library dir [/usr/lib] ==> [/usr/lib]
  implicit libs: [stdc++;m;gcc_s;gcc;c;gcc_s;gcc]
  implicit objs: [/lib/x86_64-linux-gnu/Scrt1.o;/lib/x86_64-linux-gnu/crti.o;/usr/lib/gcc/x86_64-linux-gnu/12/crtbeginS.o;/usr/lib/gcc/x86_64-linux-gnu/12/crtendS.o;/lib/x86_64-linux-gnu/crtn.o]
  implicit dirs: [/usr/lib/gcc/x86_64-linux-gnu/12;/usr/lib64;/lib/x86_64-linux-gnu;/lib64;/usr/lib/x86_64-linux-gnu;/usr/lib/llvm-17/lib;/lib;/usr/lib]
  implicit fwks: []


Compiling the C compiler identification source file "CMakeCCompilerId.c" succeeded.
Compiler: /usr/bin/clang-17 
Build flags: 
Id flags:  

The output was:
0


Compilation of the C compiler identification source "CMakeCCompilerId.c" produced "a.out"

The C compiler identification is Clang, found in "/home/lpiarulli_tt/stencil_wormhole/tt-metal_template/build/CMakeFiles/3.22.1/CompilerIdC/a.out"

Detecting C compiler ABI info compiled with the following output:
Change Dir: /home/lpiarulli_tt/stencil_wormhole/tt-metal_template/build/CMakeFiles/CMakeTmp

Run Build Command(s):/usr/bin/gmake -f Makefile cmTC_459d2/fast && /usr/bin/gmake  -f CMakeFiles/cmTC_459d2.dir/build.make CMakeFiles/cmTC_459d2.dir/build
gmake[1]: Entering directory '/home/lpiarulli_tt/stencil_wormhole/tt-metal_template/build/CMakeFiles/CMakeTmp'
Building C object CMakeFiles/cmTC_459d2.dir/CMakeCCompilerABI.c.o
/usr/bin/clang-17   -v -MD -MT CMakeFiles/cmTC_459d2.dir/CMakeCCompilerABI.c.o -MF CMakeFiles/cmTC_459d2.dir/CMakeCCompilerABI.c.o.d -o CMakeFiles/cmTC_459d2.dir/CMakeCCompilerABI.c.o -c /usr/share/cmake-3.22/Modules/CMakeCCompilerABI.c
Ubuntu clang version 17.0.6 (++20231208085846+6009708b4367-1~exp1~20231208085949.74)
Target: x86_64-pc-linux-gnu
Thread model: posix
InstalledDir: /usr/bin
Found candidate GCC installation: /usr/bin/../lib/gcc/x86_64-linux-gnu/11
Found candidate GCC installation: /usr/bin/../lib/gcc/x86_64-linux-gnu/12
Found candidate GCC installation: /usr/bin/../lib/gcc/x86_64-linux-gnu/9
Selected GCC installation: /usr/bin/../lib/gcc/x86_64-linux-gnu/12
Candidate multilib: .;@m64
Selected multilib: .;@m64
 (in-process)
 "/usr/lib/llvm-17/bin/clang" -cc1 -triple x86_64-pc-linux-gnu -emit-obj -mrelax-all -disable-free -clear-ast-before-backend -disable-llvm-verifier -discard-value-names -main-file-name CMakeCCompilerABI.c -mrelocation-model pic -pic-level 2 -pic-is-pie -mframe-pointer=all -fmath-errno -ffp-contract=on -fno-rounding-math -mconstructor-aliases -funwind-tables=2 -target-cpu x86-64 -tune-cpu generic -debugger-tuning=gdb -v -fcoverage-compilation-dir=/home/lpiarulli_tt/stencil_wormhole/tt-metal_template/build/CMakeFiles/CMakeTmp -resource-dir /usr/lib/llvm-17/lib/clang/17 -dependency-file CMakeFiles/cmTC_459d2.dir/CMakeCCompilerABI.c.o.d -MT CMakeFiles/cmTC_459d2.dir/CMakeCCompilerABI.c.o -sys-header-deps -internal-isystem /usr/lib/llvm-17/lib/clang/17/include -internal-isystem /usr/local/include -internal-isystem /usr/bin/../lib/gcc/x86_64-linux-gnu/12/../../../../x86_64-linux-gnu/include -internal-externc-isystem /usr/include/x86_64-linux-gnu -internal-externc-isystem /include -internal-externc-isystem /usr/include -fdebug-compilation-dir=/home/lpiarulli_tt/stencil_wormhole/tt-metal_template/build/CMakeFiles/CMakeTmp -ferror-limit 19 -fgnuc-version=4.2.1 -faddrsig -D__GCC_HAVE_DWARF2_CFI_ASM=1 -o CMakeFiles/cmTC_459d2.dir/CMakeCCompilerABI.c.o -x c /usr/share/cmake-3.22/Modules/CMakeCCompilerABI.c
clang -cc1 version 17.0.6 based upon LLVM 17.0.6 default target x86_64-pc-linux-gnu
ignoring nonexistent directory "/usr/bin/../lib/gcc/x86_64-linux-gnu/12/../../../../x86_64-linux-gnu/include"
ignoring nonexistent directory "/include"
#include "..." search starts here:
#include <...> search starts here:
 /usr/lib/llvm-17/lib/clang/17/include
 /usr/local/include
 /usr/include/x86_64-linux-gnu
 /usr/include
End of search list.
Linking C executable cmTC_459d2
/usr/bin/cmake -E cmake_link_script CMakeFiles/cmTC_459d2.dir/link.txt --verbose=1
/usr/bin/clang-17  -v CMakeFiles/cmTC_459d2.dir/CMakeCCompilerABI.c.o -o cmTC_459d2 
Ubuntu clang version 17.0.6 (++20231208085846+6009708b4367-1~exp1~20231208085949.74)
Target: x86_64-pc-linux-gnu
Thread model: posix
InstalledDir: /usr/bin
Found candidate GCC installation: /usr/bin/../lib/gcc/x86_64-linux-gnu/11
Found candidate GCC installation: /usr/bin/../lib/gcc/x86_64-linux-gnu/12
Found candidate GCC installation: /usr/bin/../lib/gcc/x86_64-linux-gnu/9
Selected GCC installation: /usr/bin/../lib/gcc/x86_64-linux-gnu/12
Candidate multilib: .;@m64
Selected multilib: .;@m64
 "/usr/bin/ld" -pie -z relro --hash-style=gnu --build-id --eh-frame-hdr -m elf_x86_64 -dynamic-linker /lib64/ld-linux-x86-64.so.2 -o cmTC_459d2 /lib/x86_64-linux-gnu/Scrt1.o /lib/x86_64-linux-gnu/crti.o /usr/bin/../lib/gcc/x86_64-linux-gnu/12/crtbeginS.o -L/usr/bin/../lib/gcc/x86_64-linux-gnu/12 -L/usr/bin/../lib/gcc/x86_64-linux-gnu/12/../../../../lib64 -L/lib/x86_64-linux-gnu -L/lib/../lib64 -L/usr/lib/x86_64-linux-gnu -L/usr/lib/../lib64 -L/usr/lib/llvm-17/bin/../lib -L/lib -L/usr/lib CMakeFiles/cmTC_459d2.dir/CMakeCCompilerABI.c.o -lgcc --as-needed -lgcc_s --no-as-needed -lc -lgcc --as-needed -lgcc_s --no-as-needed /usr/bin/../lib/gcc/x86_64-linux-gnu/12/crtendS.o /lib/x86_64-linux-gnu/crtn.o
gmake[1]: Leaving directory '/home/lpiarulli_tt/stencil_wormhole/tt-metal_template/build/CMakeFiles/CMakeTmp'



Parsed C implicit include dir info from above output: rv=done
  found start of include info
  found start of implicit include info
    add: [/usr/lib/llvm-17/lib/clang/17/include]
    add: [/usr/local/include]
    add: [/usr/include/x86_64-linux-gnu]
    add: [/usr/include]
  end of search list found
  collapse include dir [/usr/lib/llvm-17/lib/clang/17/include] ==> [/usr/lib/llvm-17/lib/clang/17/include]
  collapse include dir [/usr/local/include] ==> [/usr/local/include]
  collapse include dir [/usr/include/x86_64-linux-gnu] ==> [/usr/include/x86_64-linux-gnu]
  collapse include dir [/usr/include] ==> [/usr/include]
  implicit include dirs: [/usr/lib/llvm-17/lib/clang/17/include;/usr/local/include;/usr/include/x86_64-linux-gnu;/usr/include]


Parsed C implicit link information from above output:
  link line regex: [^( *|.*[/\])(ld\.lld-17|CMAKE_LINK_STARTFILE-NOTFOUND|([^/\]+-)?ld|collect2)[^/\]*( |$)]
  ignore line: [Change Dir: /home/lpiarulli_tt/stencil_wormhole/tt-metal_template/build/CMakeFiles/CMakeTmp]
  ignore line: []
  ignore line: [Run Build Command(s):/usr/bin/gmake -f Makefile cmTC_459d2/fast && /usr/bin/gmake  -f CMakeFiles/cmTC_459d2.dir/build.make CMakeFiles/cmTC_459d2.dir/build]
  ignore line: [gmake[1]: Entering directory '/home/lpiarulli_tt/stencil_wormhole/tt-metal_template/build/CMakeFiles/CMakeTmp']
  ignore line: [Building C object CMakeFiles/cmTC_459d2.dir/CMakeCCompilerABI.c.o]
  ignore line: [/usr/bin/clang-17   -v -MD -MT CMakeFiles/cmTC_459d2.dir/CMakeCCompilerABI.c.o -MF CMakeFiles/cmTC_459d2.dir/CMakeCCompilerABI.c.o.d -o CMakeFiles/cmTC_459d2.dir/CMakeCCompilerABI.c.o -c /usr/share/cmake-3.22/Modules/CMakeCCompilerABI.c]
  ignore line: [Ubuntu clang version 17.0.6 (++20231208085846+6009708b4367-1~exp1~20231208085949.74)]
  ignore line: [Target: x86_64-pc-linux-gnu]
  ignore line: [Thread model: posix]
  ignore line: [InstalledDir: /usr/bin]
  ignore line: [Found candidate GCC installation: /usr/bin/../lib/gcc/x86_64-linux-gnu/11]
  ignore line: [Found candidate GCC installation: /usr/bin/../lib/gcc/x86_64-linux-gnu/12]
  ignore line: [Found candidate GCC installation: /usr/bin/../lib/gcc/x86_64-linux-gnu/9]
  ignore line: [Selected GCC installation: /usr/bin/../lib/gcc/x86_64-linux-gnu/12]
  ignore line: [Candidate multilib: .]
  ignore line: [@m64]
  ignore line: [Selected multilib: .]
  ignore line: [@m64]
  ignore line: [ (in-process)]
  ignore line: [ "/usr/lib/llvm-17/bin/clang" -cc1 -triple x86_64-pc-linux-gnu -emit-obj -mrelax-all -disable-free -clear-ast-before-backend -disable-llvm-verifier -discard-value-names -main-file-name CMakeCCompilerABI.c -mrelocation-model pic -pic-level 2 -pic-is-pie -mframe-pointer=all -fmath-errno -ffp-contract=on -fno-rounding-math -mconstructor-aliases -funwind-tables=2 -target-cpu x86-64 -tune-cpu generic -debugger-tuning=gdb -v -fcoverage-compilation-dir=/home/lpiarulli_tt/stencil_wormhole/tt-metal_template/build/CMakeFiles/CMakeTmp -resource-dir /usr/lib/llvm-17/lib/clang/17 -dependency-file CMakeFiles/cmTC_459d2.dir/CMakeCCompilerABI.c.o.d -MT CMakeFiles/cmTC_459d2.dir/CMakeCCompilerABI.c.o -sys-header-deps -internal-isystem /usr/lib/llvm-17/lib/clang/17/include -internal-isystem /usr/local/include -internal-isystem /usr/bin/../lib/gcc/x86_64-linux-gnu/12/../../../../x86_64-linux-gnu/include -internal-externc-isystem /usr/include/x86_64-linux-gnu -internal-externc-isystem /include -internal-externc-isystem /usr/include -fdebug-compilation-dir=/home/lpiarulli_tt/stencil_wormhole/tt-metal_template/build/CMakeFiles/CMakeTmp -ferror-limit 19 -fgnuc-version=4.2.1 -faddrsig -D__GCC_HAVE_DWARF2_CFI_ASM=1 -o CMakeFiles/cmTC_459d2.dir/CMakeCCompilerABI.c.o -x c /usr/share/cmake-3.22/Modules/CMakeCCompilerABI.c]
  ignore line: [clang -cc1 version 17.0.6 based upon LLVM 17.0.6 default target x86_64-pc-linux-gnu]
  ignore line: [ignoring nonexistent directory "/usr/bin/../lib/gcc/x86_64-linux-gnu/12/../../../../x86_64-linux-gnu/include"]
  ignore line: [ignoring nonexistent directory "/include"]
  ignore line: [#include "..." search starts here:]
  ignore line: [#include <...> search starts here:]
  ignore line: [ /usr/lib/llvm-17/lib/clang/17/include]
  ignore line: [ /usr/local/include]
  ignore line: [ /usr/include/x86_64-linux-gnu]
  ignore line: [ /usr/include]
  ignore line: [End of search list.]
  ignore line: [Linking C executable cmTC_459d2]
  ignore line: [/usr/bin/cmake -E cmake_link_script CMakeFiles/cmTC_459d2.dir/link.txt --verbose=1]
  ignore line: [/usr/bin/clang-17  -v CMakeFiles/cmTC_459d2.dir/CMakeCCompilerABI.c.o -o cmTC_459d2 ]
  ignore line: [Ubuntu clang version 17.0.6 (++20231208085846+6009708b4367-1~exp1~20231208085949.74)]
  ignore line: [Target: x86_64-pc-linux-gnu]
  ignore line: [Thread model: posix]
  ignore line: [InstalledDir: /usr/bin]
  ignore line: [Found candidate GCC installation: /usr/bin/../lib/gcc/x86_64-linux-gnu/11]
  ignore line: [Found candidate GCC installation: /usr/bin/../lib/gcc/x86_64-linux-gnu/12]
  ignore line: [Found candidate GCC installation: /usr/bin/../lib/gcc/x86_64-linux-gnu/9]
  ignore line: [Selected GCC installation: /usr/bin/../lib/gcc/x86_64-linux-gnu/12]
  ignore line: [Candidate multilib: .]
  ignore line: [@m64]
  ignore line: [Selected multilib: .]
  ignore line: [@m64]
  link line: [ "/usr/bin/ld" -pie -z relro --hash-style=gnu --build-id --eh-frame-hdr -m elf_x86_64 -dynamic-linker /lib64/ld-linux-x86-64.so.2 -o cmTC_459d2 /lib/x86_64-linux-gnu/Scrt1.o /lib/x86_64-linux-gnu/crti.o /usr/bin/../lib/gcc/x86_64-linux-gnu/12/crtbeginS.o -L/usr/bin/../lib/gcc/x86_64-linux-gnu/12 -L/usr/bin/../lib/gcc/x86_64-linux-gnu/12/../../../../lib64 -L/lib/x86_64-linux-gnu -L/lib/../lib64 -L/usr/lib/x86_64-linux-gnu -L/usr/lib/../lib64 -L/usr/lib/llvm-17/bin/../lib -L/lib -L/usr/lib CMakeFiles/cmTC_459d2.dir/CMakeCCompilerABI.c.o -lgcc --as-needed -lgcc_s --no-as-needed -lc -lgcc --as-needed -lgcc_s --no-as-needed /usr/bin/../lib/gcc/x86_64-linux-gnu/12/crtendS.o /lib/x86_64-linux-gnu/crtn.o]
    arg [/usr/bin/ld] ==> ignore
    arg [-pie] ==> ignore
    arg [-zrelro] ==> ignore
    arg [--hash-style=gnu] ==> ignore
    arg [--build-id] ==> ignore
    arg [--eh-frame-hdr] ==> ignore
    arg [-m] ==> ignore
    arg [elf_x86_64] ==> ignore
    arg [-dynamic-linker] ==> ignore
    arg [/lib64/ld-linux-x86-64.so.2] ==> ignore
    arg [-o] ==> ignore
    arg [cmTC_459d2] ==> ignore
    arg [/lib/x86_64-linux-gnu/Scrt1.o] ==> obj [/lib/x86_64-linux-gnu/Scrt1.o]
    arg [/lib/x86_64-linux-gnu/crti.o] ==> obj [/lib/x86_64-linux-gnu/crti.o]
    arg [/usr/bin/../lib/gcc/x86_64-linux-gnu/12/crtbeginS.o] ==> obj [/usr/bin/../lib/gcc/x86_64-linux-gnu/12/crtbeginS.o]
    arg [-L/usr/bin/../lib/gcc/x86_64-linux-gnu/12] ==> dir [/usr/bin/../lib/gcc/x86_64-linux-gnu/12]
    arg [-L/usr/bin/../lib/gcc/x86_64-linux-gnu/12/../../../../lib64] ==> dir [/usr/bin/../lib/gcc/x86_64-linux-gnu/12/../../../../lib64]
    arg [-L/lib/x86_64-linux-gnu] ==> dir [/lib/x86_64-linux-gnu]
    arg [-L/lib/../lib64] ==> dir [/lib/../lib64]
    arg [-L/usr/lib/x86_64-linux-gnu] ==> dir [/usr/lib/x86_64-linux-gnu]
    arg [-L/usr/lib/../lib64] ==> dir [/usr/lib/../lib64]
    arg [-L/usr/lib/llvm-17/bin/../lib] ==> dir [/usr/lib/llvm-17/bin/../lib]
    arg [-L/lib] ==> dir [/lib]
    arg [-L/usr/lib] ==> dir [/usr/lib]
    arg [CMakeFiles/cmTC_459d2.dir/CMakeCCompilerABI.c.o] ==> ignore
    arg [-lgcc] ==> lib [gcc]
    arg [--as-needed] ==> ignore
    arg [-lgcc_s] ==> lib [gcc_s]
    arg [--no-as-needed] ==> ignore
    arg [-lc] ==> lib [c]
    arg [-lgcc] ==> lib [gcc]
    arg [--as-needed] ==> ignore
    arg [-lgcc_s] ==> lib [gcc_s]
    arg [--no-as-needed] ==> ignore
    arg [/usr/bin/../lib/gcc/x86_64-linux-gnu/12/crtendS.o] ==> obj [/usr/bin/../lib/gcc/x86_64-linux-gnu/12/crtendS.o]
    arg [/lib/x86_64-linux-gnu/crtn.o] ==> obj [/lib/x86_64-linux-gnu/crtn.o]
  collapse obj [/usr/bin/../lib/gcc/x86_64-linux-gnu/12/crtbeginS.o] ==> [/usr/lib/gcc/x86_64-linux-gnu/12/crtbeginS.o]
  collapse obj [/usr/bin/../lib/gcc/x86_64-linux-gnu/12/crtendS.o] ==> [/usr/lib/gcc/x86_64-linux-gnu/12/crtendS.o]
  collapse library dir [/usr/bin/../lib/gcc/x86_64-linux-gnu/12] ==> [/usr/lib/gcc/x86_64-linux-gnu/12]
  collapse library dir [/usr/bin/../lib/gcc/x86_64-linux-gnu/12/../../../../lib64] ==> [/usr/lib64]
  collapse library dir [/lib/x86_64-linux-gnu] ==> [/lib/x86_64-linux-gnu]
  collapse library dir [/lib/../lib64] ==> [/lib64]
  collapse library dir [/usr/lib/x86_64-linux-gnu] ==> [/usr/lib/x86_64-linux-gnu]
  collapse library dir [/usr/lib/../lib64] ==> [/usr/lib64]
  collapse library dir [/usr/lib/llvm-17/bin/../lib] ==> [/usr/lib/llvm-17/lib]
  collapse library dir [/lib] ==> [/lib]
  collapse library dir [/usr/lib] ==> [/usr/lib]
  implicit libs: [gcc;gcc_s;c;gcc;gcc_s]
  implicit objs: [/lib/x86_64-linux-gnu/Scrt1.o;/lib/x86_64-linux-gnu/crti.o;/usr/lib/gcc/x86_64-linux-gnu/12/crtbeginS.o;/usr/lib/gcc/x86_64-linux-gnu/12/crtendS.o;/lib/x86_64-linux-gnu/crtn.o]
  implicit dirs: [/usr/lib/gcc/x86_64-linux-gnu/12;/usr/lib64;/lib/x86_64-linux-gnu;/lib64;/usr/lib/x86_64-linux-gnu;/usr/lib/llvm-17/lib;/lib;/usr/lib]
  implicit fwks: []


Determining if the include file pthread.h exists passed with the following output:
Change Dir: /home/lpiarulli_tt/stencil_wormhole/tt-metal_template/build/CMakeFiles/CMakeTmp

Run Build Command(s):/usr/bin/gmake -f Makefile cmTC_63e30/fast && /usr/bin/gmake  -f CMakeFiles/cmTC_63e30.dir/build.make CMakeFiles/cmTC_63e30.dir/build
gmake[1]: Entering directory '/home/lpiarulli_tt/stencil_wormhole/tt-metal_template/build/CMakeFiles/CMakeTmp'
Building C object CMakeFiles/cmTC_63e30.dir/CheckIncludeFile.c.o
/usr/bin/clang-17    -MD -MT CMakeFiles/cmTC_63e30.dir/CheckIncludeFile.c.o -MF CMakeFiles/cmTC_63e30.dir/CheckIncludeFile.c.o.d -o CMakeFiles/cmTC_63e30.dir/CheckIncludeFile.c.o -c /home/lpiarulli_tt/stencil_wormhole/tt-metal_template/build/CMakeFiles/CMakeTmp/CheckIncludeFile.c
Linking C executable cmTC_63e30
/usr/bin/cmake -E cmake_link_script CMakeFiles/cmTC_63e30.dir/link.txt --verbose=1
/usr/bin/clang-17 CMakeFiles/cmTC_63e30.dir/CheckIncludeFile.c.o -o cmTC_63e30 
gmake[1]: Leaving directory '/home/lpiarulli_tt/stencil_wormhole/tt-metal_template/build/CMakeFiles/CMakeTmp'



Performing C SOURCE FILE Test CMAKE_HAVE_LIBC_PTHREAD succeeded with the following output:
Change Dir: /home/lpiarulli_tt/stencil_wormhole/tt-metal_template/build/CMakeFiles/CMakeTmp

Run Build Command(s):/usr/bin/gmake -f Makefile cmTC_47580/fast && /usr/bin/gmake  -f CMakeFiles/cmTC_47580.dir/build.make CMakeFiles/cmTC_47580.dir/build
gmake[1]: Entering directory '/home/lpiarulli_tt/stencil_wormhole/tt-metal_template/build/CMakeFiles/CMakeTmp'
Building C object CMakeFiles/cmTC_47580.dir/src.c.o
/usr/bin/clang-17 -DCMAKE_HAVE_LIBC_PTHREAD   -MD -MT CMakeFiles/cmTC_47580.dir/src.c.o -MF CMakeFiles/cmTC_47580.dir/src.c.o.d -o CMakeFiles/cmTC_47580.dir/src.c.o -c /home/lpiarulli_tt/stencil_wormhole/tt-metal_template/build/CMakeFiles/CMakeTmp/src.c
Linking C executable cmTC_47580
/usr/bin/cmake -E cmake_link_script CMakeFiles/cmTC_47580.dir/link.txt --verbose=1
/usr/bin/clang-17 CMakeFiles/cmTC_47580.dir/src.c.o -o cmTC_47580 
gmake[1]: Leaving directory '/home/lpiarulli_tt/stencil_wormhole/tt-metal_template/build/CMakeFiles/CMakeTmp'


Source file was:
#include <pthread.h>

static void* test_func(void* data)
{
  return data;
}

int main(void)
{
  pthread_t thread;
  pthread_create(&thread, NULL, test_func, NULL);
  pthread_detach(thread);
  pthread_cancel(thread);
  pthread_join(thread, NULL);
  pthread_atfork(NULL, NULL, NULL);
  pthread_exit(NULL);

  return 0;
}

Performing C++ SOURCE FILE Test HAS_NULLPTR_WARNING succeeded with the following output:
Change Dir: /home/lpiarulli_tt/stencil_wormhole/tt-metal_template/build/CMakeFiles/CMakeTmp

Run Build Command(s):/usr/bin/gmake -f Makefile cmTC_0c2f0/fast && /usr/bin/gmake  -f CMakeFiles/cmTC_0c2f0.dir/build.make CMakeFiles/cmTC_0c2f0.dir/build
gmake[1]: Entering directory '/home/lpiarulli_tt/stencil_wormhole/tt-metal_template/build/CMakeFiles/CMakeTmp'
Building CXX object CMakeFiles/cmTC_0c2f0.dir/src.cxx.o
/usr/bin/clang++-17 -DHAS_NULLPTR_WARNING  -Wzero-as-null-pointer-constant -MD -MT CMakeFiles/cmTC_0c2f0.dir/src.cxx.o -MF CMakeFiles/cmTC_0c2f0.dir/src.cxx.o.d -o CMakeFiles/cmTC_0c2f0.dir/src.cxx.o -c /home/lpiarulli_tt/stencil_wormhole/tt-metal_template/build/CMakeFiles/CMakeTmp/src.cxx
Linking CXX executable cmTC_0c2f0
/usr/bin/cmake -E cmake_link_script CMakeFiles/cmTC_0c2f0.dir/link.txt --verbose=1
/usr/bin/clang++-17 CMakeFiles/cmTC_0c2f0.dir/src.cxx.o -o cmTC_0c2f0 
gmake[1]: Leaving directory '/home/lpiarulli_tt/stencil_wormhole/tt-metal_template/build/CMakeFiles/CMakeTmp'


Source file was:
int main() { return 0; }
Performing C++ SOURCE FILE Test RANGES_HAS_CXXSTD succeeded with the following output:
Change Dir: /home/lpiarulli_tt/stencil_wormhole/tt-metal_template/build/CMakeFiles/CMakeTmp

Run Build Command(s):/usr/bin/gmake -f Makefile cmTC_3194a/fast && /usr/bin/gmake  -f CMakeFiles/cmTC_3194a.dir/build.make CMakeFiles/cmTC_3194a.dir/build
gmake[1]: Entering directory '/home/lpiarulli_tt/stencil_wormhole/tt-metal_template/build/CMakeFiles/CMakeTmp'
Building CXX object CMakeFiles/cmTC_3194a.dir/src.cxx.o
/usr/bin/clang++-17 -DRANGES_HAS_CXXSTD  -std=c++14 -MD -MT CMakeFiles/cmTC_3194a.dir/src.cxx.o -MF CMakeFiles/cmTC_3194a.dir/src.cxx.o.d -o CMakeFiles/cmTC_3194a.dir/src.cxx.o -c /home/lpiarulli_tt/stencil_wormhole/tt-metal_template/build/CMakeFiles/CMakeTmp/src.cxx
Linking CXX executable cmTC_3194a
/usr/bin/cmake -E cmake_link_script CMakeFiles/cmTC_3194a.dir/link.txt --verbose=1
/usr/bin/clang++-17 CMakeFiles/cmTC_3194a.dir/src.cxx.o -o cmTC_3194a 
gmake[1]: Leaving directory '/home/lpiarulli_tt/stencil_wormhole/tt-metal_template/build/CMakeFiles/CMakeTmp'


Source file was:
int main() { return 0; }
Performing C++ SOURCE FILE Test RANGES_HAS_WALL succeeded with the following output:
Change Dir: /home/lpiarulli_tt/stencil_wormhole/tt-metal_template/build/CMakeFiles/CMakeTmp

Run Build Command(s):/usr/bin/gmake -f Makefile cmTC_626c5/fast && /usr/bin/gmake  -f CMakeFiles/cmTC_626c5.dir/build.make CMakeFiles/cmTC_626c5.dir/build
gmake[1]: Entering directory '/home/lpiarulli_tt/stencil_wormhole/tt-metal_template/build/CMakeFiles/CMakeTmp'
Building CXX object CMakeFiles/cmTC_626c5.dir/src.cxx.o
/usr/bin/clang++-17 -DRANGES_HAS_WALL  -Wall -MD -MT CMakeFiles/cmTC_626c5.dir/src.cxx.o -MF CMakeFiles/cmTC_626c5.dir/src.cxx.o.d -o CMakeFiles/cmTC_626c5.dir/src.cxx.o -c /home/lpiarulli_tt/stencil_wormhole/tt-metal_template/build/CMakeFiles/CMakeTmp/src.cxx
Linking CXX executable cmTC_626c5
/usr/bin/cmake -E cmake_link_script CMakeFiles/cmTC_626c5.dir/link.txt --verbose=1
/usr/bin/clang++-17 CMakeFiles/cmTC_626c5.dir/src.cxx.o -o cmTC_626c5 
gmake[1]: Leaving directory '/home/lpiarulli_tt/stencil_wormhole/tt-metal_template/build/CMakeFiles/CMakeTmp'


Source file was:
int main() { return 0; }
Performing C++ SOURCE FILE Test RANGES_HAS_WEXTRA succeeded with the following output:
Change Dir: /home/lpiarulli_tt/stencil_wormhole/tt-metal_template/build/CMakeFiles/CMakeTmp

Run Build Command(s):/usr/bin/gmake -f Makefile cmTC_37355/fast && /usr/bin/gmake  -f CMakeFiles/cmTC_37355.dir/build.make CMakeFiles/cmTC_37355.dir/build
gmake[1]: Entering directory '/home/lpiarulli_tt/stencil_wormhole/tt-metal_template/build/CMakeFiles/CMakeTmp'
Building CXX object CMakeFiles/cmTC_37355.dir/src.cxx.o
/usr/bin/clang++-17 -DRANGES_HAS_WEXTRA  -Wextra -MD -MT CMakeFiles/cmTC_37355.dir/src.cxx.o -MF CMakeFiles/cmTC_37355.dir/src.cxx.o.d -o CMakeFiles/cmTC_37355.dir/src.cxx.o -c /home/lpiarulli_tt/stencil_wormhole/tt-metal_template/build/CMakeFiles/CMakeTmp/src.cxx
Linking CXX executable cmTC_37355
/usr/bin/cmake -E cmake_link_script CMakeFiles/cmTC_37355.dir/link.txt --verbose=1
/usr/bin/clang++-17 CMakeFiles/cmTC_37355.dir/src.cxx.o -o cmTC_37355 
gmake[1]: Leaving directory '/home/lpiarulli_tt/stencil_wormhole/tt-metal_template/build/CMakeFiles/CMakeTmp'


Source file was:
int main() { return 0; }
Performing C++ SOURCE FILE Test RANGES_HAS_WERROR succeeded with the following output:
Change Dir: /home/lpiarulli_tt/stencil_wormhole/tt-metal_template/build/CMakeFiles/CMakeTmp

Run Build Command(s):/usr/bin/gmake -f Makefile cmTC_34904/fast && /usr/bin/gmake  -f CMakeFiles/cmTC_34904.dir/build.make CMakeFiles/cmTC_34904.dir/build
gmake[1]: Entering directory '/home/lpiarulli_tt/stencil_wormhole/tt-metal_template/build/CMakeFiles/CMakeTmp'
Building CXX object CMakeFiles/cmTC_34904.dir/src.cxx.o
/usr/bin/clang++-17 -DRANGES_HAS_WERROR  -Werror -MD -MT CMakeFiles/cmTC_34904.dir/src.cxx.o -MF CMakeFiles/cmTC_34904.dir/src.cxx.o.d -o CMakeFiles/cmTC_34904.dir/src.cxx.o -c /home/lpiarulli_tt/stencil_wormhole/tt-metal_template/build/CMakeFiles/CMakeTmp/src.cxx
Linking CXX executable cmTC_34904
/usr/bin/cmake -E cmake_link_script CMakeFiles/cmTC_34904.dir/link.txt --verbose=1
/usr/bin/clang++-17 CMakeFiles/cmTC_34904.dir/src.cxx.o -o cmTC_34904 
gmake[1]: Leaving directory '/home/lpiarulli_tt/stencil_wormhole/tt-metal_template/build/CMakeFiles/CMakeTmp'


Source file was:
int main() { return 0; }
Performing C++ SOURCE FILE Test RANGES_HAS_D__EXTERN_ALWAYS_INLINE succeeded with the following output:
Change Dir: /home/lpiarulli_tt/stencil_wormhole/tt-metal_template/build/CMakeFiles/CMakeTmp

Run Build Command(s):/usr/bin/gmake -f Makefile cmTC_ca60f/fast && /usr/bin/gmake  -f CMakeFiles/cmTC_ca60f.dir/build.make CMakeFiles/cmTC_ca60f.dir/build
gmake[1]: Entering directory '/home/lpiarulli_tt/stencil_wormhole/tt-metal_template/build/CMakeFiles/CMakeTmp'
Building CXX object CMakeFiles/cmTC_ca60f.dir/src.cxx.o
/usr/bin/clang++-17 -DRANGES_HAS_D__EXTERN_ALWAYS_INLINE -D__extern_always_inline=inline   -MD -MT CMakeFiles/cmTC_ca60f.dir/src.cxx.o -MF CMakeFiles/cmTC_ca60f.dir/src.cxx.o.d -o CMakeFiles/cmTC_ca60f.dir/src.cxx.o -c /home/lpiarulli_tt/stencil_wormhole/tt-metal_template/build/CMakeFiles/CMakeTmp/src.cxx
Linking CXX executable cmTC_ca60f
/usr/bin/cmake -E cmake_link_script CMakeFiles/cmTC_ca60f.dir/link.txt --verbose=1
/usr/bin/clang++-17 CMakeFiles/cmTC_ca60f.dir/src.cxx.o -o cmTC_ca60f 
gmake[1]: Leaving directory '/home/lpiarulli_tt/stencil_wormhole/tt-metal_template/build/CMakeFiles/CMakeTmp'


Source file was:
int main() { return 0; }
Performing C++ SOURCE FILE Test RANGES_HAS_FDIAGNOSTIC_SHOW_TEMPLATE_TREE succeeded with the following output:
Change Dir: /home/lpiarulli_tt/stencil_wormhole/tt-metal_template/build/CMakeFiles/CMakeTmp

Run Build Command(s):/usr/bin/gmake -f Makefile cmTC_3bff6/fast && /usr/bin/gmake  -f CMakeFiles/cmTC_3bff6.dir/build.make CMakeFiles/cmTC_3bff6.dir/build
gmake[1]: Entering directory '/home/lpiarulli_tt/stencil_wormhole/tt-metal_template/build/CMakeFiles/CMakeTmp'
Building CXX object CMakeFiles/cmTC_3bff6.dir/src.cxx.o
/usr/bin/clang++-17 -DRANGES_HAS_FDIAGNOSTIC_SHOW_TEMPLATE_TREE  -fdiagnostics-show-template-tree -MD -MT CMakeFiles/cmTC_3bff6.dir/src.cxx.o -MF CMakeFiles/cmTC_3bff6.dir/src.cxx.o.d -o CMakeFiles/cmTC_3bff6.dir/src.cxx.o -c /home/lpiarulli_tt/stencil_wormhole/tt-metal_template/build/CMakeFiles/CMakeTmp/src.cxx
Linking CXX executable cmTC_3bff6
/usr/bin/cmake -E cmake_link_script CMakeFiles/cmTC_3bff6.dir/link.txt --verbose=1
/usr/bin/clang++-17 CMakeFiles/cmTC_3bff6.dir/src.cxx.o -o cmTC_3bff6 
gmake[1]: Leaving directory '/home/lpiarulli_tt/stencil_wormhole/tt-metal_template/build/CMakeFiles/CMakeTmp'


Source file was:
int main() { return 0; }
Performing C++ SOURCE FILE Test RANGES_HAS_FTEMPLATE_BACKTRACE_LIMIT succeeded with the following output:
Change Dir: /home/lpiarulli_tt/stencil_wormhole/tt-metal_template/build/CMakeFiles/CMakeTmp

Run Build Command(s):/usr/bin/gmake -f Makefile cmTC_e2705/fast && /usr/bin/gmake  -f CMakeFiles/cmTC_e2705.dir/build.make CMakeFiles/cmTC_e2705.dir/build
gmake[1]: Entering directory '/home/lpiarulli_tt/stencil_wormhole/tt-metal_template/build/CMakeFiles/CMakeTmp'
Building CXX object CMakeFiles/cmTC_e2705.dir/src.cxx.o
/usr/bin/clang++-17 -DRANGES_HAS_FTEMPLATE_BACKTRACE_LIMIT  -ftemplate-backtrace-limit=0 -MD -MT CMakeFiles/cmTC_e2705.dir/src.cxx.o -MF CMakeFiles/cmTC_e2705.dir/src.cxx.o.d -o CMakeFiles/cmTC_e2705.dir/src.cxx.o -c /home/lpiarulli_tt/stencil_wormhole/tt-metal_template/build/CMakeFiles/CMakeTmp/src.cxx
Linking CXX executable cmTC_e2705
/usr/bin/cmake -E cmake_link_script CMakeFiles/cmTC_e2705.dir/link.txt --verbose=1
/usr/bin/clang++-17 CMakeFiles/cmTC_e2705.dir/src.cxx.o -o cmTC_e2705 
gmake[1]: Leaving directory '/home/lpiarulli_tt/stencil_wormhole/tt-metal_template/build/CMakeFiles/CMakeTmp'


Source file was:
int main() { return 0; }
Performing C++ SOURCE FILE Test RANGES_HAS_FMACRO_BACKTRACE_LIMIT succeeded with the following output:
Change Dir: /home/lpiarulli_tt/stencil_wormhole/tt-metal_template/build/CMakeFiles/CMakeTmp

Run Build Command(s):/usr/bin/gmake -f Makefile cmTC_aa0a9/fast && /usr/bin/gmake  -f CMakeFiles/cmTC_aa0a9.dir/build.make CMakeFiles/cmTC_aa0a9.dir/build
gmake[1]: Entering directory '/home/lpiarulli_tt/stencil_wormhole/tt-metal_template/build/CMakeFiles/CMakeTmp'
Building CXX object CMakeFiles/cmTC_aa0a9.dir/src.cxx.o
/usr/bin/clang++-17 -DRANGES_HAS_FMACRO_BACKTRACE_LIMIT  -fmacro-backtrace-limit=1 -MD -MT CMakeFiles/cmTC_aa0a9.dir/src.cxx.o -MF CMakeFiles/cmTC_aa0a9.dir/src.cxx.o.d -o CMakeFiles/cmTC_aa0a9.dir/src.cxx.o -c /home/lpiarulli_tt/stencil_wormhole/tt-metal_template/build/CMakeFiles/CMakeTmp/src.cxx
Linking CXX executable cmTC_aa0a9
/usr/bin/cmake -E cmake_link_script CMakeFiles/cmTC_aa0a9.dir/link.txt --verbose=1
/usr/bin/clang++-17 CMakeFiles/cmTC_aa0a9.dir/src.cxx.o -o cmTC_aa0a9 
gmake[1]: Leaving directory '/home/lpiarulli_tt/stencil_wormhole/tt-metal_template/build/CMakeFiles/CMakeTmp'


Source file was:
int main() { return 0; }
Performing C++ SOURCE FILE Test RANGES_HAS_OMIT_FRAME_POINTER succeeded with the following output:
Change Dir: /home/lpiarulli_tt/stencil_wormhole/tt-metal_template/build/CMakeFiles/CMakeTmp

Run Build Command(s):/usr/bin/gmake -f Makefile cmTC_1d857/fast && /usr/bin/gmake  -f CMakeFiles/cmTC_1d857.dir/build.make CMakeFiles/cmTC_1d857.dir/build
gmake[1]: Entering directory '/home/lpiarulli_tt/stencil_wormhole/tt-metal_template/build/CMakeFiles/CMakeTmp'
Building CXX object CMakeFiles/cmTC_1d857.dir/src.cxx.o
/usr/bin/clang++-17 -DRANGES_HAS_OMIT_FRAME_POINTER  -fomit-frame-pointer -MD -MT CMakeFiles/cmTC_1d857.dir/src.cxx.o -MF CMakeFiles/cmTC_1d857.dir/src.cxx.o.d -o CMakeFiles/cmTC_1d857.dir/src.cxx.o -c /home/lpiarulli_tt/stencil_wormhole/tt-metal_template/build/CMakeFiles/CMakeTmp/src.cxx
Linking CXX executable cmTC_1d857
/usr/bin/cmake -E cmake_link_script CMakeFiles/cmTC_1d857.dir/link.txt --verbose=1
/usr/bin/clang++-17 CMakeFiles/cmTC_1d857.dir/src.cxx.o -o cmTC_1d857 
gmake[1]: Leaving directory '/home/lpiarulli_tt/stencil_wormhole/tt-metal_template/build/CMakeFiles/CMakeTmp'


Source file was:
int main() { return 0; }
Performing C++ SOURCE FILE Test RANGES_HAS_OFAST succeeded with the following output:
Change Dir: /home/lpiarulli_tt/stencil_wormhole/tt-metal_template/build/CMakeFiles/CMakeTmp

Run Build Command(s):/usr/bin/gmake -f Makefile cmTC_b2b4f/fast && /usr/bin/gmake  -f CMakeFiles/cmTC_b2b4f.dir/build.make CMakeFiles/cmTC_b2b4f.dir/build
gmake[1]: Entering directory '/home/lpiarulli_tt/stencil_wormhole/tt-metal_template/build/CMakeFiles/CMakeTmp'
Building CXX object CMakeFiles/cmTC_b2b4f.dir/src.cxx.o
/usr/bin/clang++-17 -DRANGES_HAS_OFAST  -Ofast -MD -MT CMakeFiles/cmTC_b2b4f.dir/src.cxx.o -MF CMakeFiles/cmTC_b2b4f.dir/src.cxx.o.d -o CMakeFiles/cmTC_b2b4f.dir/src.cxx.o -c /home/lpiarulli_tt/stencil_wormhole/tt-metal_template/build/CMakeFiles/CMakeTmp/src.cxx
Linking CXX executable cmTC_b2b4f
/usr/bin/cmake -E cmake_link_script CMakeFiles/cmTC_b2b4f.dir/link.txt --verbose=1
/usr/bin/clang++-17 CMakeFiles/cmTC_b2b4f.dir/src.cxx.o -o cmTC_b2b4f 
gmake[1]: Leaving directory '/home/lpiarulli_tt/stencil_wormhole/tt-metal_template/build/CMakeFiles/CMakeTmp'


Source file was:
int main() { return 0; }
Performing C++ SOURCE FILE Test RANGES_HAS_STRICT_ALIASING succeeded with the following output:
Change Dir: /home/lpiarulli_tt/stencil_wormhole/tt-metal_template/build/CMakeFiles/CMakeTmp

Run Build Command(s):/usr/bin/gmake -f Makefile cmTC_97379/fast && /usr/bin/gmake  -f CMakeFiles/cmTC_97379.dir/build.make CMakeFiles/cmTC_97379.dir/build
gmake[1]: Entering directory '/home/lpiarulli_tt/stencil_wormhole/tt-metal_template/build/CMakeFiles/CMakeTmp'
Building CXX object CMakeFiles/cmTC_97379.dir/src.cxx.o
/usr/bin/clang++-17 -DRANGES_HAS_STRICT_ALIASING  -fstrict-aliasing -MD -MT CMakeFiles/cmTC_97379.dir/src.cxx.o -MF CMakeFiles/cmTC_97379.dir/src.cxx.o.d -o CMakeFiles/cmTC_97379.dir/src.cxx.o -c /home/lpiarulli_tt/stencil_wormhole/tt-metal_template/build/CMakeFiles/CMakeTmp/src.cxx
Linking CXX executable cmTC_97379
/usr/bin/cmake -E cmake_link_script CMakeFiles/cmTC_97379.dir/link.txt --verbose=1
/usr/bin/clang++-17 CMakeFiles/cmTC_97379.dir/src.cxx.o -o cmTC_97379 
gmake[1]: Leaving directory '/home/lpiarulli_tt/stencil_wormhole/tt-metal_template/build/CMakeFiles/CMakeTmp'


Source file was:
int main() { return 0; }
Performing C++ SOURCE FILE Test RANGES_HAS_STRICT_VTABLE_POINTERS succeeded with the following output:
Change Dir: /home/lpiarulli_tt/stencil_wormhole/tt-metal_template/build/CMakeFiles/CMakeTmp

Run Build Command(s):/usr/bin/gmake -f Makefile cmTC_bf20b/fast && /usr/bin/gmake  -f CMakeFiles/cmTC_bf20b.dir/build.make CMakeFiles/cmTC_bf20b.dir/build
gmake[1]: Entering directory '/home/lpiarulli_tt/stencil_wormhole/tt-metal_template/build/CMakeFiles/CMakeTmp'
Building CXX object CMakeFiles/cmTC_bf20b.dir/src.cxx.o
/usr/bin/clang++-17 -DRANGES_HAS_STRICT_VTABLE_POINTERS  -fstrict-vtable-pointers -MD -MT CMakeFiles/cmTC_bf20b.dir/src.cxx.o -MF CMakeFiles/cmTC_bf20b.dir/src.cxx.o.d -o CMakeFiles/cmTC_bf20b.dir/src.cxx.o -c /home/lpiarulli_tt/stencil_wormhole/tt-metal_template/build/CMakeFiles/CMakeTmp/src.cxx
Linking CXX executable cmTC_bf20b
/usr/bin/cmake -E cmake_link_script CMakeFiles/cmTC_bf20b.dir/link.txt --verbose=1
/usr/bin/clang++-17 CMakeFiles/cmTC_bf20b.dir/src.cxx.o -o cmTC_bf20b 
gmake[1]: Leaving directory '/home/lpiarulli_tt/stencil_wormhole/tt-metal_template/build/CMakeFiles/CMakeTmp'


Source file was:
int main() { return 0; }
Performing C++ SOURCE FILE Test RANGES_HAS_FAST_MATH succeeded with the following output:
Change Dir: /home/lpiarulli_tt/stencil_wormhole/tt-metal_template/build/CMakeFiles/CMakeTmp

Run Build Command(s):/usr/bin/gmake -f Makefile cmTC_55f4e/fast && /usr/bin/gmake  -f CMakeFiles/cmTC_55f4e.dir/build.make CMakeFiles/cmTC_55f4e.dir/build
gmake[1]: Entering directory '/home/lpiarulli_tt/stencil_wormhole/tt-metal_template/build/CMakeFiles/CMakeTmp'
Building CXX object CMakeFiles/cmTC_55f4e.dir/src.cxx.o
/usr/bin/clang++-17 -DRANGES_HAS_FAST_MATH  -ffast-math -MD -MT CMakeFiles/cmTC_55f4e.dir/src.cxx.o -MF CMakeFiles/cmTC_55f4e.dir/src.cxx.o.d -o CMakeFiles/cmTC_55f4e.dir/src.cxx.o -c /home/lpiarulli_tt/stencil_wormhole/tt-metal_template/build/CMakeFiles/CMakeTmp/src.cxx
Linking CXX executable cmTC_55f4e
/usr/bin/cmake -E cmake_link_script CMakeFiles/cmTC_55f4e.dir/link.txt --verbose=1
/usr/bin/clang++-17 CMakeFiles/cmTC_55f4e.dir/src.cxx.o -o cmTC_55f4e 
gmake[1]: Leaving directory '/home/lpiarulli_tt/stencil_wormhole/tt-metal_template/build/CMakeFiles/CMakeTmp'


Source file was:
int main() { return 0; }
Performing C++ SOURCE FILE Test RANGES_HAS_VECTORIZE succeeded with the following output:
Change Dir: /home/lpiarulli_tt/stencil_wormhole/tt-metal_template/build/CMakeFiles/CMakeTmp

Run Build Command(s):/usr/bin/gmake -f Makefile cmTC_1482a/fast && /usr/bin/gmake  -f CMakeFiles/cmTC_1482a.dir/build.make CMakeFiles/cmTC_1482a.dir/build
gmake[1]: Entering directory '/home/lpiarulli_tt/stencil_wormhole/tt-metal_template/build/CMakeFiles/CMakeTmp'
Building CXX object CMakeFiles/cmTC_1482a.dir/src.cxx.o
/usr/bin/clang++-17 -DRANGES_HAS_VECTORIZE  -fvectorize -MD -MT CMakeFiles/cmTC_1482a.dir/src.cxx.o -MF CMakeFiles/cmTC_1482a.dir/src.cxx.o.d -o CMakeFiles/cmTC_1482a.dir/src.cxx.o -c /home/lpiarulli_tt/stencil_wormhole/tt-metal_template/build/CMakeFiles/CMakeTmp/src.cxx
Linking CXX executable cmTC_1482a
/usr/bin/cmake -E cmake_link_script CMakeFiles/cmTC_1482a.dir/link.txt --verbose=1
/usr/bin/clang++-17 CMakeFiles/cmTC_1482a.dir/src.cxx.o -o cmTC_1482a 
gmake[1]: Leaving directory '/home/lpiarulli_tt/stencil_wormhole/tt-metal_template/build/CMakeFiles/CMakeTmp'


Source file was:
int main() { return 0; }
Performing C++ SOURCE FILE Test RANGES_HAS_SIZED_DEALLOCATION succeeded with the following output:
Change Dir: /home/lpiarulli_tt/stencil_wormhole/tt-metal_template/build/CMakeFiles/CMakeTmp

Run Build Command(s):/usr/bin/gmake -f Makefile cmTC_5ccd5/fast && /usr/bin/gmake  -f CMakeFiles/cmTC_5ccd5.dir/build.make CMakeFiles/cmTC_5ccd5.dir/build
gmake[1]: Entering directory '/home/lpiarulli_tt/stencil_wormhole/tt-metal_template/build/CMakeFiles/CMakeTmp'
Building CXX object CMakeFiles/cmTC_5ccd5.dir/src.cxx.o
/usr/bin/clang++-17 -DRANGES_HAS_SIZED_DEALLOCATION  -fsized-deallocation -MD -MT CMakeFiles/cmTC_5ccd5.dir/src.cxx.o -MF CMakeFiles/cmTC_5ccd5.dir/src.cxx.o.d -o CMakeFiles/cmTC_5ccd5.dir/src.cxx.o -c /home/lpiarulli_tt/stencil_wormhole/tt-metal_template/build/CMakeFiles/CMakeTmp/src.cxx
Linking CXX executable cmTC_5ccd5
/usr/bin/cmake -E cmake_link_script CMakeFiles/cmTC_5ccd5.dir/link.txt --verbose=1
/usr/bin/clang++-17 CMakeFiles/cmTC_5ccd5.dir/src.cxx.o -o cmTC_5ccd5 
gmake[1]: Leaving directory '/home/lpiarulli_tt/stencil_wormhole/tt-metal_template/build/CMakeFiles/CMakeTmp'


Source file was:
int main() { return 0; }
Performing C++ SOURCE FILE Test RANGES_HAS_MARCH_NATIVE succeeded with the following output:
Change Dir: /home/lpiarulli_tt/stencil_wormhole/tt-metal_template/build/CMakeFiles/CMakeTmp

Run Build Command(s):/usr/bin/gmake -f Makefile cmTC_c4cc3/fast && /usr/bin/gmake  -f CMakeFiles/cmTC_c4cc3.dir/build.make CMakeFiles/cmTC_c4cc3.dir/build
gmake[1]: Entering directory '/home/lpiarulli_tt/stencil_wormhole/tt-metal_template/build/CMakeFiles/CMakeTmp'
Building CXX object CMakeFiles/cmTC_c4cc3.dir/src.cxx.o
/usr/bin/clang++-17 -DRANGES_HAS_MARCH_NATIVE  -march=native -MD -MT CMakeFiles/cmTC_c4cc3.dir/src.cxx.o -MF CMakeFiles/cmTC_c4cc3.dir/src.cxx.o.d -o CMakeFiles/cmTC_c4cc3.dir/src.cxx.o -c /home/lpiarulli_tt/stencil_wormhole/tt-metal_template/build/CMakeFiles/CMakeTmp/src.cxx
Linking CXX executable cmTC_c4cc3
/usr/bin/cmake -E cmake_link_script CMakeFiles/cmTC_c4cc3.dir/link.txt --verbose=1
/usr/bin/clang++-17 CMakeFiles/cmTC_c4cc3.dir/src.cxx.o -o cmTC_c4cc3 
gmake[1]: Leaving directory '/home/lpiarulli_tt/stencil_wormhole/tt-metal_template/build/CMakeFiles/CMakeTmp'


Source file was:
int main() { return 0; }
Performing C++ SOURCE FILE Test RANGES_HAS_MTUNE_NATIVE succeeded with the following output:
Change Dir: /home/lpiarulli_tt/stencil_wormhole/tt-metal_template/build/CMakeFiles/CMakeTmp

Run Build Command(s):/usr/bin/gmake -f Makefile cmTC_9f889/fast && /usr/bin/gmake  -f CMakeFiles/cmTC_9f889.dir/build.make CMakeFiles/cmTC_9f889.dir/build
gmake[1]: Entering directory '/home/lpiarulli_tt/stencil_wormhole/tt-metal_template/build/CMakeFiles/CMakeTmp'
Building CXX object CMakeFiles/cmTC_9f889.dir/src.cxx.o
/usr/bin/clang++-17 -DRANGES_HAS_MTUNE_NATIVE  -mtune=native -MD -MT CMakeFiles/cmTC_9f889.dir/src.cxx.o -MF CMakeFiles/cmTC_9f889.dir/src.cxx.o.d -o CMakeFiles/cmTC_9f889.dir/src.cxx.o -c /home/lpiarulli_tt/stencil_wormhole/tt-metal_template/build/CMakeFiles/CMakeTmp/src.cxx
Linking CXX executable cmTC_9f889
/usr/bin/cmake -E cmake_link_script CMakeFiles/cmTC_9f889.dir/link.txt --verbose=1
/usr/bin/clang++-17 CMakeFiles/cmTC_9f889.dir/src.cxx.o -o cmTC_9f889 
gmake[1]: Leaving directory '/home/lpiarulli_tt/stencil_wormhole/tt-metal_template/build/CMakeFiles/CMakeTmp'


Source file was:
int main() { return 0; }
Determining if the strtof_l exist passed with the following output:
Change Dir: /home/lpiarulli_tt/stencil_wormhole/tt-metal_template/build/CMakeFiles/CMakeTmp

Run Build Command(s):/usr/bin/gmake -f Makefile cmTC_0fa98/fast && /usr/bin/gmake  -f CMakeFiles/cmTC_0fa98.dir/build.make CMakeFiles/cmTC_0fa98.dir/build
gmake[1]: Entering directory '/home/lpiarulli_tt/stencil_wormhole/tt-metal_template/build/CMakeFiles/CMakeTmp'
Building CXX object CMakeFiles/cmTC_0fa98.dir/CheckSymbolExists.cxx.o
/usr/bin/clang++-17    -MD -MT CMakeFiles/cmTC_0fa98.dir/CheckSymbolExists.cxx.o -MF CMakeFiles/cmTC_0fa98.dir/CheckSymbolExists.cxx.o.d -o CMakeFiles/cmTC_0fa98.dir/CheckSymbolExists.cxx.o -c /home/lpiarulli_tt/stencil_wormhole/tt-metal_template/build/CMakeFiles/CMakeTmp/CheckSymbolExists.cxx
Linking CXX executable cmTC_0fa98
/usr/bin/cmake -E cmake_link_script CMakeFiles/cmTC_0fa98.dir/link.txt --verbose=1
/usr/bin/clang++-17 CMakeFiles/cmTC_0fa98.dir/CheckSymbolExists.cxx.o -o cmTC_0fa98 
gmake[1]: Leaving directory '/home/lpiarulli_tt/stencil_wormhole/tt-metal_template/build/CMakeFiles/CMakeTmp'


File /home/lpiarulli_tt/stencil_wormhole/tt-metal_template/build/CMakeFiles/CMakeTmp/CheckSymbolExists.cxx:
/* */
#include <stdlib.h>

int main(int argc, char** argv)
{
  (void)argv;
#ifndef strtof_l
  return ((int*)(&strtof_l))[argc];
#else
  (void)argc;
  return 0;
#endif
}
Determining if the strtoull_l exist passed with the following output:
Change Dir: /home/lpiarulli_tt/stencil_wormhole/tt-metal_template/build/CMakeFiles/CMakeTmp

Run Build Command(s):/usr/bin/gmake -f Makefile cmTC_267a8/fast && /usr/bin/gmake  -f CMakeFiles/cmTC_267a8.dir/build.make CMakeFiles/cmTC_267a8.dir/build
gmake[1]: Entering directory '/home/lpiarulli_tt/stencil_wormhole/tt-metal_template/build/CMakeFiles/CMakeTmp'
Building CXX object CMakeFiles/cmTC_267a8.dir/CheckSymbolExists.cxx.o
/usr/bin/clang++-17    -MD -MT CMakeFiles/cmTC_267a8.dir/CheckSymbolExists.cxx.o -MF CMakeFiles/cmTC_267a8.dir/CheckSymbolExists.cxx.o.d -o CMakeFiles/cmTC_267a8.dir/CheckSymbolExists.cxx.o -c /home/lpiarulli_tt/stencil_wormhole/tt-metal_template/build/CMakeFiles/CMakeTmp/CheckSymbolExists.cxx
Linking CXX executable cmTC_267a8
/usr/bin/cmake -E cmake_link_script CMakeFiles/cmTC_267a8.dir/link.txt --verbose=1
/usr/bin/clang++-17 CMakeFiles/cmTC_267a8.dir/CheckSymbolExists.cxx.o -o cmTC_267a8 
gmake[1]: Leaving directory '/home/lpiarulli_tt/stencil_wormhole/tt-metal_template/build/CMakeFiles/CMakeTmp'


File /home/lpiarulli_tt/stencil_wormhole/tt-metal_template/build/CMakeFiles/CMakeTmp/CheckSymbolExists.cxx:
/* */
#include <stdlib.h>

int main(int argc, char** argv)
{
  (void)argv;
#ifndef strtoull_l
  return ((int*)(&strtoull_l))[argc];
#else
  (void)argc;
  return 0;
#endif
}
Determining if the realpath exist passed with the following output:
Change Dir: /home/lpiarulli_tt/stencil_wormhole/tt-metal_template/build/CMakeFiles/CMakeTmp

Run Build Command(s):/usr/bin/gmake -f Makefile cmTC_0a7e8/fast && /usr/bin/gmake  -f CMakeFiles/cmTC_0a7e8.dir/build.make CMakeFiles/cmTC_0a7e8.dir/build
gmake[1]: Entering directory '/home/lpiarulli_tt/stencil_wormhole/tt-metal_template/build/CMakeFiles/CMakeTmp'
Building CXX object CMakeFiles/cmTC_0a7e8.dir/CheckSymbolExists.cxx.o
/usr/bin/clang++-17    -MD -MT CMakeFiles/cmTC_0a7e8.dir/CheckSymbolExists.cxx.o -MF CMakeFiles/cmTC_0a7e8.dir/CheckSymbolExists.cxx.o.d -o CMakeFiles/cmTC_0a7e8.dir/CheckSymbolExists.cxx.o -c /home/lpiarulli_tt/stencil_wormhole/tt-metal_template/build/CMakeFiles/CMakeTmp/CheckSymbolExists.cxx
Linking CXX executable cmTC_0a7e8
/usr/bin/cmake -E cmake_link_script CMakeFiles/cmTC_0a7e8.dir/link.txt --verbose=1
/usr/bin/clang++-17 CMakeFiles/cmTC_0a7e8.dir/CheckSymbolExists.cxx.o -o cmTC_0a7e8 
gmake[1]: Leaving directory '/home/lpiarulli_tt/stencil_wormhole/tt-metal_template/build/CMakeFiles/CMakeTmp'


File /home/lpiarulli_tt/stencil_wormhole/tt-metal_template/build/CMakeFiles/CMakeTmp/CheckSymbolExists.cxx:
/* */
#include <stdlib.h>

int main(int argc, char** argv)
{
  (void)argv;
#ifndef realpath
  return ((int*)(&realpath))[argc];
#else
  (void)argc;
  return 0;
#endif
}
Determining if the fwrite_unlocked exist passed with the following output:
Change Dir: /home/lpiarulli_tt/stencil_wormhole/tt-metal_template/build/CMakeFiles/CMakeTmp

Run Build Command(s):/usr/bin/gmake -f Makefile cmTC_afef5/fast && /usr/bin/gmake  -f CMakeFiles/cmTC_afef5.dir/build.make CMakeFiles/cmTC_afef5.dir/build
gmake[1]: Entering directory '/home/lpiarulli_tt/stencil_wormhole/tt-metal_template/build/CMakeFiles/CMakeTmp'
Building CXX object CMakeFiles/cmTC_afef5.dir/CheckSymbolExists.cxx.o
/usr/bin/clang++-17   -std=c++11 -MD -MT CMakeFiles/cmTC_afef5.dir/CheckSymbolExists.cxx.o -MF CMakeFiles/cmTC_afef5.dir/CheckSymbolExists.cxx.o.d -o CMakeFiles/cmTC_afef5.dir/CheckSymbolExists.cxx.o -c /home/lpiarulli_tt/stencil_wormhole/tt-metal_template/build/CMakeFiles/CMakeTmp/CheckSymbolExists.cxx
Linking CXX executable cmTC_afef5
/usr/bin/cmake -E cmake_link_script CMakeFiles/cmTC_afef5.dir/link.txt --verbose=1
/usr/bin/clang++-17 CMakeFiles/cmTC_afef5.dir/CheckSymbolExists.cxx.o -o cmTC_afef5 
gmake[1]: Leaving directory '/home/lpiarulli_tt/stencil_wormhole/tt-metal_template/build/CMakeFiles/CMakeTmp'


File /home/lpiarulli_tt/stencil_wormhole/tt-metal_template/build/CMakeFiles/CMakeTmp/CheckSymbolExists.cxx:
/* */
#include <stdio.h>

int main(int argc, char** argv)
{
  (void)argv;
#ifndef fwrite_unlocked
  return ((int*)(&fwrite_unlocked))[argc];
#else
  (void)argc;
  return 0;
#endif
}
